---------solve--------
tails 9
{ direction: "R", distance: 5 }
..............................
..............................
..............................
..............................
..............................
..............................
..............................
..............................
..............................
..............................
..............................
..............................
..............................
..............................
..............................
..............................
..............................
..............................
............1H................
..............................
..............................
..............................
..............................
..............................
..............................


..............................
..............................
..............................
..............................
..............................
..............................
..............................
..............................
..............................
..............................
..............................
..............................
..............................
..............................
..............................
..............................
..............................
..............................
............21H...............
..............................
..............................
..............................
..............................
..............................
..............................


..............................
..............................
..............................
..............................
..............................
..............................
..............................
..............................
..............................
..............................
..............................
..............................
..............................
..............................
..............................
..............................
..............................
..............................
............321H..............
..............................
..............................
..............................
..............................
..............................
..............................


..............................
..............................
..............................
..............................
..............................
..............................
..............................
..............................
..............................
..............................
..............................
..............................
..............................
..............................
..............................
..............................
..............................
..............................
............4321H.............
..............................
..............................
..............................
..............................
..............................
..............................


..............................
..............................
..............................
..............................
..............................
..............................
..............................
..............................
..............................
..............................
..............................
..............................
..............................
..............................
..............................
..............................
..............................
..............................
............54321H............
..............................
..............................
..............................
..............................
..............................
..............................


{ direction: "U", distance: 8 }
..............................
..............................
..............................
..............................
..............................
..............................
..............................
..............................
..............................
..............................
..............................
..............................
..............................
..............................
..............................
..............................
..............................
.................H............
............54321.............
..............................
..............................
..............................
..............................
..............................
..............................


..............................
..............................
..............................
..............................
..............................
..............................
..............................
..............................
..............................
..............................
..............................
..............................
..............................
..............................
..............................
..............................
.................H............
.............54321............
............6.................
..............................
..............................
..............................
..............................
..............................
..............................


..............................
..............................
..............................
..............................
..............................
..............................
..............................
..............................
..............................
..............................
..............................
..............................
..............................
..............................
..............................
.................H............
.................1............
.............5432.............
............6.................
..............................
..............................
..............................
..............................
..............................
..............................


..............................
..............................
..............................
..............................
..............................
..............................
..............................
..............................
..............................
..............................
..............................
..............................
..............................
..............................
.................H............
.................1............
..............5432............
.............6................
............7.................
..............................
..............................
..............................
..............................
..............................
..............................


..............................
..............................
..............................
..............................
..............................
..............................
..............................
..............................
..............................
..............................
..............................
..............................
..............................
.................H............
.................1............
.................2............
..............543.............
.............6................
............7.................
..............................
..............................
..............................
..............................
..............................
..............................


..............................
..............................
..............................
..............................
..............................
..............................
..............................
..............................
..............................
..............................
..............................
..............................
.................H............
.................1............
.................2............
...............543............
..............6...............
.............7................
............8.................
..............................
..............................
..............................
..............................
..............................
..............................


..............................
..............................
..............................
..............................
..............................
..............................
..............................
..............................
..............................
..............................
..............................
.................H............
.................1............
.................2............
.................3............
...............54.............
..............6...............
.............7................
............8.................
..............................
..............................
..............................
..............................
..............................
..............................


..............................
..............................
..............................
..............................
..............................
..............................
..............................
..............................
..............................
..............................
.................H............
.................1............
.................2............
.................3............
................54............
...............6..............
..............7...............
.............8................
............9.................
..............................
..............................
..............................
..............................
..............................
..............................


{ direction: "L", distance: 8 }
..............................
..............................
..............................
..............................
..............................
..............................
..............................
..............................
..............................
..............................
................H.............
.................1............
.................2............
.................3............
................54............
...............6..............
..............7...............
.............8................
............9.................
..............................
..............................
..............................
..............................
..............................
..............................


..............................
..............................
..............................
..............................
..............................
..............................
..............................
..............................
..............................
..............................
...............H1.............
................2.............
................3.............
................4.............
................5.............
...............6..............
..............7...............
.............8................
............9.................
..............................
..............................
..............................
..............................
..............................
..............................


..............................
..............................
..............................
..............................
..............................
..............................
..............................
..............................
..............................
..............................
..............H1..............
................2.............
................3.............
................4.............
................5.............
...............6..............
..............7...............
.............8................
............9.................
..............................
..............................
..............................
..............................
..............................
..............................


..............................
..............................
..............................
..............................
..............................
..............................
..............................
..............................
..............................
..............................
.............H12..............
...............3..............
...............4..............
...............5..............
...............6..............
...............7..............
..............8...............
.............9................
............#.................
..............................
..............................
..............................
..............................
..............................
..............................


..............................
..............................
..............................
..............................
..............................
..............................
..............................
..............................
..............................
..............................
............H12...............
...............3..............
...............4..............
...............5..............
...............6..............
...............7..............
..............8...............
.............9................
............#.................
..............................
..............................
..............................
..............................
..............................
..............................


..............................
..............................
..............................
..............................
..............................
..............................
..............................
..............................
..............................
..............................
...........H123...............
..............4...............
..............5...............
..............6...............
..............7...............
..............8...............
..............9...............
.............#................
............#.................
..............................
..............................
..............................
..............................
..............................
..............................


..............................
..............................
..............................
..............................
..............................
..............................
..............................
..............................
..............................
..............................
..........H123................
..............4...............
..............5...............
..............6...............
..............7...............
..............8...............
..............9...............
.............#................
............#.................
..............................
..............................
..............................
..............................
..............................
..............................


..............................
..............................
..............................
..............................
..............................
..............................
..............................
..............................
..............................
..............................
.........H1234................
.............5................
.............6................
.............7................
.............8................
.............9................
..............#...............
.............#................
............#.................
..............................
..............................
..............................
..............................
..............................
..............................


{ direction: "D", distance: 3 }
..............................
..............................
..............................
..............................
..............................
..............................
..............................
..............................
..............................
..............................
..........1234................
.........H...5................
.............6................
.............7................
.............8................
.............9................
..............#...............
.............#................
............#.................
..............................
..............................
..............................
..............................
..............................
..............................


..............................
..............................
..............................
..............................
..............................
..............................
..............................
..............................
..............................
..............................
..............................
.........12345................
.........H...6................
.............7................
.............8................
.............9................
..............#...............
.............#................
............#.................
..............................
..............................
..............................
..............................
..............................
..............................


..............................
..............................
..............................
..............................
..............................
..............................
..............................
..............................
..............................
..............................
..............................
..........2345................
.........1...6................
.........H...7................
.............8................
.............9................
..............#...............
.............#................
............#.................
..............................
..............................
..............................
..............................
..............................
..............................


{ direction: "R", distance: 17 }
..............................
..............................
..............................
..............................
..............................
..............................
..............................
..............................
..............................
..............................
..............................
..........2345................
.........1...6................
..........H..7................
.............8................
.............9................
..............#...............
.............#................
............#.................
..............................
..............................
..............................
..............................
..............................
..............................


..............................
..............................
..............................
..............................
..............................
..............................
..............................
..............................
..............................
..............................
..............................
...........345................
..........2..6................
..........1H.7................
.............8................
.............9................
..............#...............
.............#................
............#.................
..............................
..............................
..............................
..............................
..............................
..............................


..............................
..............................
..............................
..............................
..............................
..............................
..............................
..............................
..............................
..............................
..............................
...........345................
..........2..6................
...........1H7................
.............8................
.............9................
..............#...............
.............#................
............#.................
..............................
..............................
..............................
..............................
..............................
..............................


..............................
..............................
..............................
..............................
..............................
..............................
..............................
..............................
..............................
..............................
..............................
............45................
...........3.6................
...........21H................
.............8................
.............9................
..............#...............
.............#................
............#.................
..............................
..............................
..............................
..............................
..............................
..............................


..............................
..............................
..............................
..............................
..............................
..............................
..............................
..............................
..............................
..............................
..............................
............45................
...........3.6................
............21H...............
.............8................
.............9................
..............#...............
.............#................
............#.................
..............................
..............................
..............................
..............................
..............................
..............................


..............................
..............................
..............................
..............................
..............................
..............................
..............................
..............................
..............................
..............................
..............................
.............5................
............46................
............321H..............
.............8................
.............9................
..............#...............
.............#................
............#.................
..............................
..............................
..............................
..............................
..............................
..............................


..............................
..............................
..............................
..............................
..............................
..............................
..............................
..............................
..............................
..............................
..............................
.............5................
............46................
.............321H.............
.............8................
.............9................
..............#...............
.............#................
............#.................
..............................
..............................
..............................
..............................
..............................
..............................


..............................
..............................
..............................
..............................
..............................
..............................
..............................
..............................
..............................
..............................
..............................
..............................
.............5................
.............4321H............
.............8................
.............9................
..............#...............
.............#................
............#.................
..............................
..............................
..............................
..............................
..............................
..............................


..............................
..............................
..............................
..............................
..............................
..............................
..............................
..............................
..............................
..............................
..............................
..............................
.............5................
.............74321H...........
.............8................
.............9................
..............#...............
.............#................
............#.................
..............................
..............................
..............................
..............................
..............................
..............................


..............................
..............................
..............................
..............................
..............................
..............................
..............................
..............................
..............................
..............................
..............................
..............................
.............6................
.............754321H..........
.............8................
.............9................
..............#...............
.............#................
............#.................
..............................
..............................
..............................
..............................
..............................
..............................


..............................
..............................
..............................
..............................
..............................
..............................
..............................
..............................
..............................
..............................
..............................
..............................
..............................
.............7654321H.........
.............8................
.............9................
..............#...............
.............#................
............#.................
..............................
..............................
..............................
..............................
..............................
..............................


..............................
..............................
..............................
..............................
..............................
..............................
..............................
..............................
..............................
..............................
..............................
..............................
..............................
..............7654321H........
.............8................
.............9................
..............#...............
.............#................
............#.................
..............................
..............................
..............................
..............................
..............................
..............................


..............................
..............................
..............................
..............................
..............................
..............................
..............................
..............................
..............................
..............................
..............................
..............................
..............................
..............87654321H.......
..............9...............
.............#................
..............#...............
.............#................
............#.................
..............................
..............................
..............................
..............................
..............................
..............................


..............................
..............................
..............................
..............................
..............................
..............................
..............................
..............................
..............................
..............................
..............................
..............................
..............................
...............87654321H......
..............9...............
.............#................
..............#...............
.............#................
............#.................
..............................
..............................
..............................
..............................
..............................
..............................


..............................
..............................
..............................
..............................
..............................
..............................
..............................
..............................
..............................
..............................
..............................
..............................
..............................
...............987654321H.....
..............#...............
.............#................
..............#...............
.............#................
............#.................
..............................
..............................
..............................
..............................
..............................
..............................


..............................
..............................
..............................
..............................
..............................
..............................
..............................
..............................
..............................
..............................
..............................
..............................
..............................
...............#987654321H....
..............#...............
.............#................
..............#...............
.............#................
............#.................
..............................
..............................
..............................
..............................
..............................
..............................


..............................
..............................
..............................
..............................
..............................
..............................
..............................
..............................
..............................
..............................
..............................
..............................
..............................
...............##987654321H...
..............#...............
.............#................
..............#...............
.............#................
............#.................
..............................
..............................
..............................
..............................
..............................
..............................


{ direction: "D", distance: 10 }
..............................
..............................
..............................
..............................
..............................
..............................
..............................
..............................
..............................
..............................
..............................
..............................
..............................
...............##987654321....
..............#...........H...
.............#................
..............#...............
.............#................
............#.................
..............................
..............................
..............................
..............................
..............................
..............................


..............................
..............................
..............................
..............................
..............................
..............................
..............................
..............................
..............................
..............................
..............................
..............................
..............................
...............###............
..............#...987654321...
.............#............H...
..............#...............
.............#................
............#.................
..............................
..............................
..............................
..............................
..............................
..............................


..............................
..............................
..............................
..............................
..............................
..............................
..............................
..............................
..............................
..............................
..............................
..............................
..............................
...............###............
..............#...98765432....
.............#............1...
..............#...........H...
.............#................
............#.................
..............................
..............................
..............................
..............................
..............................
..............................


..............................
..............................
..............................
..............................
..............................
..............................
..............................
..............................
..............................
..............................
..............................
..............................
..............................
...............###............
..............#...#...........
.............#.....98765432...
..............#...........1...
.............#............H...
............#.................
..............................
..............................
..............................
..............................
..............................
..............................


..............................
..............................
..............................
..............................
..............................
..............................
..............................
..............................
..............................
..............................
..............................
..............................
..............................
...............###............
..............#...#...........
.............#.....9876543....
..............#...........2...
.............#............1...
............#.............H...
..............................
..............................
..............................
..............................
..............................
..............................


..............................
..............................
..............................
..............................
..............................
..............................
..............................
..............................
..............................
..............................
..............................
..............................
..............................
...............###............
..............#...#...........
.............#.....#..........
..............#.....9876543...
.............#............2...
............#.............1...
..........................H...
..............................
..............................
..............................
..............................
..............................


..............................
..............................
..............................
..............................
..............................
..............................
..............................
..............................
..............................
..............................
..............................
..............................
..............................
...............###............
..............#...#...........
.............#.....#..........
..............#.....987654....
.............#............3...
............#.............2...
..........................1...
..........................H...
..............................
..............................
..............................
..............................


..............................
..............................
..............................
..............................
..............................
..............................
..............................
..............................
..............................
..............................
..............................
..............................
..............................
...............###............
..............#...#...........
.............#.....#..........
..............#.....#.........
.............#.......987654...
............#.............3...
..........................2...
..........................1...
..........................H...
..............................
..............................
..............................


..............................
..............................
..............................
..............................
..............................
..............................
..............................
..............................
..............................
..............................
..............................
..............................
..............................
...............###............
..............#...#...........
.............#.....#..........
..............#.....#.........
.............#.......98765....
............#.............4...
..........................3...
..........................2...
..........................1...
..........................H...
..............................
..............................


..............................
..............................
..............................
..............................
..............................
..............................
..............................
..............................
..............................
..............................
..............................
..............................
..............................
...............###............
..............#...#...........
.............#.....#..........
..............#.....#.........
.............#.......#........
............#.........98765...
..........................4...
..........................3...
..........................2...
..........................1...
..........................H...
..............................


{ direction: "L", distance: 25 }
..............................
..............................
..............................
..............................
..............................
..............................
..............................
..............................
..............................
..............................
..............................
..............................
..............................
...............###............
..............#...#...........
.............#.....#..........
..............#.....#.........
.............#.......#........
............#.........98765...
..........................4...
..........................3...
..........................2...
..........................1...
.........................H....
..............................


..............................
..............................
..............................
..............................
..............................
..............................
..............................
..............................
..............................
..............................
..............................
..............................
..............................
...............###............
..............#...#...........
.............#.....#..........
..............#.....#.........
.............#.......#........
............#.........9876....
.........................5....
.........................4....
.........................3....
.........................2....
........................H1....
..............................


..............................
..............................
..............................
..............................
..............................
..............................
..............................
..............................
..............................
..............................
..............................
..............................
..............................
...............###............
..............#...#...........
.............#.....#..........
..............#.....#.........
.............#.......#........
............#.........9876....
.........................5....
.........................4....
.........................3....
.........................2....
.......................H1.....
..............................


..............................
..............................
..............................
..............................
..............................
..............................
..............................
..............................
..............................
..............................
..............................
..............................
..............................
...............###............
..............#...#...........
.............#.....#..........
..............#.....#.........
.............#.......#........
............#.........987.....
........................6.....
........................5.....
........................4.....
........................3.....
......................H12.....
..............................


..............................
..............................
..............................
..............................
..............................
..............................
..............................
..............................
..............................
..............................
..............................
..............................
..............................
...............###............
..............#...#...........
.............#.....#..........
..............#.....#.........
.............#.......#........
............#.........987.....
........................6.....
........................5.....
........................4.....
........................3.....
.....................H12......
..............................


..............................
..............................
..............................
..............................
..............................
..............................
..............................
..............................
..............................
..............................
..............................
..............................
..............................
...............###............
..............#...#...........
.............#.....#..........
..............#.....#.........
.............#.......#........
............#.........98......
.......................7......
.......................6......
.......................5......
.......................4......
....................H123......
..............................


..............................
..............................
..............................
..............................
..............................
..............................
..............................
..............................
..............................
..............................
..............................
..............................
..............................
...............###............
..............#...#...........
.............#.....#..........
..............#.....#.........
.............#.......#........
............#.........98......
.......................7......
.......................6......
.......................5......
.......................4......
...................H123.......
..............................


..............................
..............................
..............................
..............................
..............................
..............................
..............................
..............................
..............................
..............................
..............................
..............................
..............................
...............###............
..............#...#...........
.............#.....#..........
..............#.....#.........
.............#.......#........
............#.........9.......
......................8.......
......................7.......
......................6.......
......................5.......
..................H1234.......
..............................


..............................
..............................
..............................
..............................
..............................
..............................
..............................
..............................
..............................
..............................
..............................
..............................
..............................
...............###............
..............#...#...........
.............#.....#..........
..............#.....#.........
.............#.......#........
............#.........9.......
......................8.......
......................7.......
......................6.......
......................5.......
.................H1234........
..............................


..............................
..............................
..............................
..............................
..............................
..............................
..............................
..............................
..............................
..............................
..............................
..............................
..............................
...............###............
..............#...#...........
.............#.....#..........
..............#.....#.........
.............#.......#........
............#.........#.......
.....................9........
.....................8........
.....................7........
.....................6........
................H12345........
..............................


..............................
..............................
..............................
..............................
..............................
..............................
..............................
..............................
..............................
..............................
..............................
..............................
..............................
...............###............
..............#...#...........
.............#.....#..........
..............#.....#.........
.............#.......#........
............#.........#.......
.....................9........
.....................8........
.....................7........
.....................6........
...............H12345.........
..............................


..............................
..............................
..............................
..............................
..............................
..............................
..............................
..............................
..............................
..............................
..............................
..............................
..............................
...............###............
..............#...#...........
.............#.....#..........
..............#.....#.........
.............#.......#........
............#.........#.......
.....................#........
....................9.........
....................8.........
....................7.........
..............H123456.........
..............................


..............................
..............................
..............................
..............................
..............................
..............................
..............................
..............................
..............................
..............................
..............................
..............................
..............................
...............###............
..............#...#...........
.............#.....#..........
..............#.....#.........
.............#.......#........
............#.........#.......
.....................#........
....................9.........
....................8.........
....................7.........
.............H123456..........
..............................


..............................
..............................
..............................
..............................
..............................
..............................
..............................
..............................
..............................
..............................
..............................
..............................
..............................
...............###............
..............#...#...........
.............#.....#..........
..............#.....#.........
.............#.......#........
............#.........#.......
.....................#........
....................#.........
...................9..........
...................8..........
............H1234567..........
..............................


..............................
..............................
..............................
..............................
..............................
..............................
..............................
..............................
..............................
..............................
..............................
..............................
..............................
...............###............
..............#...#...........
.............#.....#..........
..............#.....#.........
.............#.......#........
............#.........#.......
.....................#........
....................#.........
...................9..........
...................8..........
...........H1234567...........
..............................


..............................
..............................
..............................
..............................
..............................
..............................
..............................
..............................
..............................
..............................
..............................
..............................
..............................
...............###............
..............#...#...........
.............#.....#..........
..............#.....#.........
.............#.......#........
............#.........#.......
.....................#........
....................#.........
...................#..........
..................9...........
..........H12345678...........
..............................


..............................
..............................
..............................
..............................
..............................
..............................
..............................
..............................
..............................
..............................
..............................
..............................
..............................
...............###............
..............#...#...........
.............#.....#..........
..............#.....#.........
.............#.......#........
............#.........#.......
.....................#........
....................#.........
...................#..........
..................9...........
.........H12345678............
..............................


..............................
..............................
..............................
..............................
..............................
..............................
..............................
..............................
..............................
..............................
..............................
..............................
..............................
...............###............
..............#...#...........
.............#.....#..........
..............#.....#.........
.............#.......#........
............#.........#.......
.....................#........
....................#.........
...................#..........
..................#...........
........H123456789............
..............................


..............................
..............................
..............................
..............................
..............................
..............................
..............................
..............................
..............................
..............................
..............................
..............................
..............................
...............###............
..............#...#...........
.............#.....#..........
..............#.....#.........
.............#.......#........
............#.........#.......
.....................#........
....................#.........
...................#..........
..................#...........
.......H123456789#............
..............................


..............................
..............................
..............................
..............................
..............................
..............................
..............................
..............................
..............................
..............................
..............................
..............................
..............................
...............###............
..............#...#...........
.............#.....#..........
..............#.....#.........
.............#.......#........
............#.........#.......
.....................#........
....................#.........
...................#..........
..................#...........
......H123456789##............
..............................


..............................
..............................
..............................
..............................
..............................
..............................
..............................
..............................
..............................
..............................
..............................
..............................
..............................
...............###............
..............#...#...........
.............#.....#..........
..............#.....#.........
.............#.......#........
............#.........#.......
.....................#........
....................#.........
...................#..........
..................#...........
.....H123456789###............
..............................


..............................
..............................
..............................
..............................
..............................
..............................
..............................
..............................
..............................
..............................
..............................
..............................
..............................
...............###............
..............#...#...........
.............#.....#..........
..............#.....#.........
.............#.......#........
............#.........#.......
.....................#........
....................#.........
...................#..........
..................#...........
....H123456789####............
..............................


..............................
..............................
..............................
..............................
..............................
..............................
..............................
..............................
..............................
..............................
..............................
..............................
..............................
...............###............
..............#...#...........
.............#.....#..........
..............#.....#.........
.............#.......#........
............#.........#.......
.....................#........
....................#.........
...................#..........
..................#...........
...H123456789#####............
..............................


..............................
..............................
..............................
..............................
..............................
..............................
..............................
..............................
..............................
..............................
..............................
..............................
..............................
...............###............
..............#...#...........
.............#.....#..........
..............#.....#.........
.............#.......#........
............#.........#.......
.....................#........
....................#.........
...................#..........
..................#...........
..H123456789######............
..............................


..............................
..............................
..............................
..............................
..............................
..............................
..............................
..............................
..............................
..............................
..............................
..............................
..............................
...............###............
..............#...#...........
.............#.....#..........
..............#.....#.........
.............#.......#........
............#.........#.......
.....................#........
....................#.........
...................#..........
..................#...........
.H123456789#######............
..............................


{ direction: "U", distance: 20 }
..............................
..............................
..............................
..............................
..............................
..............................
..............................
..............................
..............................
..............................
..............................
..............................
..............................
...............###............
..............#...#...........
.............#.....#..........
..............#.....#.........
.............#.......#........
............#.........#.......
.....................#........
....................#.........
...................#..........
.H................#...........
..123456789#######............
..............................


..............................
..............................
..............................
..............................
..............................
..............................
..............................
..............................
..............................
..............................
..............................
..............................
..............................
...............###............
..............#...#...........
.............#.....#..........
..............#.....#.........
.............#.......#........
............#.........#.......
.....................#........
....................#.........
.H.................#..........
.123456789........#...........
..........########............
..............................


..............................
..............................
..............................
..............................
..............................
..............................
..............................
..............................
..............................
..............................
..............................
..............................
..............................
...............###............
..............#...#...........
.............#.....#..........
..............#.....#.........
.............#.......#........
............#.........#.......
.....................#........
.H..................#.........
.1.................#..........
..23456789........#...........
..........########............
..............................


..............................
..............................
..............................
..............................
..............................
..............................
..............................
..............................
..............................
..............................
..............................
..............................
..............................
...............###............
..............#...#...........
.............#.....#..........
..............#.....#.........
.............#.......#........
............#.........#.......
.H...................#........
.1..................#.........
.23456789..........#..........
.........#........#...........
..........########............
..............................


..............................
..............................
..............................
..............................
..............................
..............................
..............................
..............................
..............................
..............................
..............................
..............................
..............................
...............###............
..............#...#...........
.............#.....#..........
..............#.....#.........
.............#.......#........
.H..........#.........#.......
.1...................#........
.2..................#.........
..3456789..........#..........
.........#........#...........
..........########............
..............................


..............................
..............................
..............................
..............................
..............................
..............................
..............................
..............................
..............................
..............................
..............................
..............................
..............................
...............###............
..............#...#...........
.............#.....#..........
..............#.....#.........
.H...........#.......#........
.1..........#.........#.......
.2...................#........
.3456789............#.........
........#..........#..........
.........#........#...........
..........########............
..............................


..............................
..............................
..............................
..............................
..............................
..............................
..............................
..............................
..............................
..............................
..............................
..............................
..............................
...............###............
..............#...#...........
.............#.....#..........
.H............#.....#.........
.1...........#.......#........
.2..........#.........#.......
.3...................#........
..456789............#.........
........#..........#..........
.........#........#...........
..........########............
..............................


..............................
..............................
..............................
..............................
..............................
..............................
..............................
..............................
..............................
..............................
..............................
..............................
..............................
...............###............
..............#...#...........
.H...........#.....#..........
.1............#.....#.........
.2...........#.......#........
.3..........#.........#.......
.456789..............#........
.......#............#.........
........#..........#..........
.........#........#...........
..........########............
..............................


..............................
..............................
..............................
..............................
..............................
..............................
..............................
..............................
..............................
..............................
..............................
..............................
..............................
...............###............
.H............#...#...........
.1...........#.....#..........
.2............#.....#.........
.3...........#.......#........
.4..........#.........#.......
..56789..............#........
.......#............#.........
........#..........#..........
.........#........#...........
..........########............
..............................


..............................
..............................
..............................
..............................
..............................
..............................
..............................
..............................
..............................
..............................
..............................
..............................
..............................
.H.............###............
.1............#...#...........
.2...........#.....#..........
.3............#.....#.........
.4...........#.......#........
.56789......#.........#.......
......#..............#........
.......#............#.........
........#..........#..........
.........#........#...........
..........########............
..............................


..............................
..............................
..............................
..............................
..............................
..............................
..............................
..............................
..............................
..............................
..............................
..............................
.H............................
.1.............###............
.2............#...#...........
.3...........#.....#..........
.4............#.....#.........
.5...........#.......#........
..6789......#.........#.......
......#..............#........
.......#............#.........
........#..........#..........
.........#........#...........
..........########............
..............................


..............................
..............................
..............................
..............................
..............................
..............................
..............................
..............................
..............................
..............................
..............................
.H............................
.1............................
.2.............###............
.3............#...#...........
.4...........#.....#..........
.5............#.....#.........
.6789........#.......#........
.....#......#.........#.......
......#..............#........
.......#............#.........
........#..........#..........
.........#........#...........
..........########............
..............................


..............................
..............................
..............................
..............................
..............................
..............................
..............................
..............................
..............................
..............................
.H............................
.1............................
.2............................
.3.............###............
.4............#...#...........
.5...........#.....#..........
.6............#.....#.........
..789........#.......#........
.....#......#.........#.......
......#..............#........
.......#............#.........
........#..........#..........
.........#........#...........
..........########............
..............................


..............................
..............................
..............................
..............................
..............................
..............................
..............................
..............................
..............................
.H............................
.1............................
.2............................
.3............................
.4.............###............
.5............#...#...........
.6...........#.....#..........
.789..........#.....#.........
....#........#.......#........
.....#......#.........#.......
......#..............#........
.......#............#.........
........#..........#..........
.........#........#...........
..........########............
..............................


..............................
..............................
..............................
..............................
..............................
..............................
..............................
..............................
.H............................
.1............................
.2............................
.3............................
.4............................
.5.............###............
.6............#...#...........
.7...........#.....#..........
..89..........#.....#.........
....#........#.......#........
.....#......#.........#.......
......#..............#........
.......#............#.........
........#..........#..........
.........#........#...........
..........########............
..............................


..............................
..............................
..............................
..............................
..............................
..............................
..............................
.H............................
.1............................
.2............................
.3............................
.4............................
.5............................
.6.............###............
.7............#...#...........
.89..........#.....#..........
...#..........#.....#.........
....#........#.......#........
.....#......#.........#.......
......#..............#........
.......#............#.........
........#..........#..........
.........#........#...........
..........########............
..............................


..............................
..............................
..............................
..............................
..............................
..............................
.H............................
.1............................
.2............................
.3............................
.4............................
.5............................
.6............................
.7.............###............
.8............#...#...........
..9..........#.....#..........
...#..........#.....#.........
....#........#.......#........
.....#......#.........#.......
......#..............#........
.......#............#.........
........#..........#..........
.........#........#...........
..........########............
..............................


..............................
..............................
..............................
..............................
..............................
.H............................
.1............................
.2............................
.3............................
.4............................
.5............................
.6............................
.7............................
.8.............###............
.9............#...#...........
..#..........#.....#..........
...#..........#.....#.........
....#........#.......#........
.....#......#.........#.......
......#..............#........
.......#............#.........
........#..........#..........
.........#........#...........
..........########............
..............................


..............................
..............................
..............................
..............................
.H............................
.1............................
.2............................
.3............................
.4............................
.5............................
.6............................
.7............................
.8............................
.9.............###............
.#............#...#...........
..#..........#.....#..........
...#..........#.....#.........
....#........#.......#........
.....#......#.........#.......
......#..............#........
.......#............#.........
........#..........#..........
.........#........#...........
..........########............
..............................


..............................
..............................
..............................
.H............................
.1............................
.2............................
.3............................
.4............................
.5............................
.6............................
.7............................
.8............................
.9............................
.#.............###............
.#............#...#...........
..#..........#.....#..........
...#..........#.....#.........
....#........#.......#........
.....#......#.........#.......
......#..............#........
.......#............#.........
........#..........#..........
.........#........#...........
..........########............
..............................


36 



